Turbo Assembler	 Version 4.1	    02/10/26 22:36:59	    Page 1
vertical.asm



      1	0000			     .model tiny
      2	0000			     .code
      3
      4				     org 100h
      5
      6	0100  B8 B800		     Start:	     mov ax, 0b800h		     ; b800h - segment of vram
      7	0103  8E C0				     mov es, ax			     ; es - extended segment
      8	0105  BB 0370				     mov bx, (2	* 80 * 5 + 2 * 40)   ; bx = (center of 5th line)
      9
     10	0108  B9 0005				     mov cx, 5			     ; make 5 iterations
     11	010B					     L:
     12
     13						     ; put symbol in first byte
     14						     ; put color in second byte
     15	010B  26: C6 07	03			     mov byte ptr es:[bx], 03h
     16	010F  26: C6 47	01 CE			     mov byte ptr es:[bx + 01],	(4eh or	80h)
     17
     18	0114  81 C3 00A0			     add bx, (80 * 2)
     19
     20	0118  E2 F1				     loop L		     ; jmp back	if cx is not 0
     21
     22	011A  B8 4C00				     mov ax, 4c00h	     ; exit(0)
     23	011D  CD 21				     int 21h		     ; int for DOS func	call
     24
     25				     end	     Start
Turbo Assembler	 Version 4.1	    02/10/26 22:36:59	    Page 2
Symbol Table




Symbol Name			  Type	 Value

??DATE				  Text	 "02/10/26"
??FILENAME			  Text	 "vertical"
??TIME				  Text	 "22:36:59"
??VERSION			  Number 040A
@32BIT				  Text	 0
@CODE				  Text	 DGROUP
@CODESIZE			  Text	 0
@CPU				  Text	 0101H
@CURSEG				  Text	 _TEXT
@DATA				  Text	 DGROUP
@DATASIZE			  Text	 0
@FILENAME			  Text	 VERTICAL
@INTERFACE			  Text	 000H
@MODEL				  Text	 1
@STACK				  Text	 DGROUP
@WORDSIZE			  Text	 2
L				  Near	 DGROUP:010B
START				  Near	 DGROUP:0100

Groups & Segments		  Bit Size Align  Combine Class

DGROUP				  Group
  _DATA				  16  0000 Word	  Public  DATA
  _TEXT				  16  011F Word	  Public  CODE
